<?xml version="1.0" encoding="UTF-8"?>
<robot generator="Robot 6.1.1 (Python 3.11.4 on win32)" generated="20230828 22:11:25.022" rpa="false" schemaversion="4">
<suite id="s1" name="Guru99" source="C:\Users\DUNG\Desktop\BTVN\BTVN\Guru99">
<suite id="s1-s1" name="Testcase" source="C:\Users\DUNG\Desktop\BTVN\BTVN\Guru99\testcase.robot">
<test id="s1-s1-t1" name="[TC_01] - Script Automation Test Guru 99" line="8">
<kw name="Start test" library="login">
<arg>https://demo.guru99.com/test/login.html</arg>
<arg>chrome</arg>
<kw name="Open Browser" library="SeleniumLibrary">
<arg>${url}</arg>
<arg>${browser}</arg>
<doc>Opens a new browser instance to the optional ``url``.</doc>
<msg timestamp="20230828 22:11:25.331" level="INFO">Opening browser 'chrome' to base url 'https://demo.guru99.com/test/login.html'.</msg>
<msg timestamp="20230828 22:11:25.750" level="WARN">The chromedriver version (115.0.5790.170) detected in PATH at C:\Users\DUNG\Documents\webdriver\chromedriver.exe might not be compatible with the detected chrome version (116.0.5845.111); currently, chromedriver 116.0.5845.96 is recommended for chrome 116.*, so it is advised to delete the driver in PATH and retry</msg>
<status status="PASS" starttime="20230828 22:11:25.330" endtime="20230828 22:11:30.946"/>
</kw>
<kw name="Maximize Browser Window" library="SeleniumLibrary">
<doc>Maximizes current browser window.</doc>
<status status="PASS" starttime="20230828 22:11:30.946" endtime="20230828 22:11:31.091"/>
</kw>
<status status="PASS" starttime="20230828 22:11:25.329" endtime="20230828 22:11:31.091"/>
</kw>
<kw name="input email" library="keyword_gru">
<arg>//input[@id='email']</arg>
<arg>ngthuydung88@gmail.com</arg>
<kw name="Input Text" library="SeleniumLibrary">
<arg>${inp_email}</arg>
<arg>${email}</arg>
<doc>Types the given ``text`` into the text field identified by ``locator``.</doc>
<msg timestamp="20230828 22:11:31.094" level="INFO">Typing text 'ngthuydung88@gmail.com' into text field '//input[@id='email']'.</msg>
<status status="PASS" starttime="20230828 22:11:31.093" endtime="20230828 22:11:31.264"/>
</kw>
<status status="PASS" starttime="20230828 22:11:31.092" endtime="20230828 22:11:31.264"/>
</kw>
<kw name="input paswork" library="keyword_gru">
<arg>//input[@id='passwd']</arg>
<arg>Baochau@1</arg>
<kw name="Input Password" library="SeleniumLibrary">
<arg>${inp_pwd}</arg>
<arg>${pass}</arg>
<doc>Types the given password into the text field identified by ``locator``.</doc>
<msg timestamp="20230828 22:11:31.268" level="INFO">Typing password into text field '//input[@id='passwd']'.</msg>
<msg timestamp="20230828 22:11:31.309" level="INFO">Temporally setting log level to: NONE</msg>
<msg timestamp="20230828 22:11:31.365" level="INFO">Log level changed from NONE to INFO.</msg>
<status status="PASS" starttime="20230828 22:11:31.266" endtime="20230828 22:11:31.365"/>
</kw>
<status status="PASS" starttime="20230828 22:11:31.265" endtime="20230828 22:11:31.365"/>
</kw>
<kw name="click button" library="keyword_gru">
<arg>//button[@id='SubmitLogin']</arg>
<kw name="Click Element" library="SeleniumLibrary">
<arg>${click_btn}</arg>
<doc>Click the element identified by ``locator``.</doc>
<msg timestamp="20230828 22:11:31.369" level="INFO">Clicking element '//button[@id='SubmitLogin']'.</msg>
<status status="PASS" starttime="20230828 22:11:31.368" endtime="20230828 22:11:32.693"/>
</kw>
<status status="PASS" starttime="20230828 22:11:31.367" endtime="20230828 22:11:32.693"/>
</kw>
<kw name="verify key" library="keyword_gru">
<arg>Successfully Logged in...</arg>
<kw name="Wait Until Element Is Visible" library="SeleniumLibrary">
<arg>//h3[text()='${key}']</arg>
<arg>10s</arg>
<doc>Waits until the element ``locator`` is visible.</doc>
<status status="PASS" starttime="20230828 22:11:32.695" endtime="20230828 22:11:32.730"/>
</kw>
<status status="PASS" starttime="20230828 22:11:32.694" endtime="20230828 22:11:32.730"/>
</kw>
<kw name="finish test" library="login">
<kw name="Close Browser" library="SeleniumLibrary">
<doc>Closes the current browser.</doc>
<status status="PASS" starttime="20230828 22:11:32.731" endtime="20230828 22:11:34.906"/>
</kw>
<status status="PASS" starttime="20230828 22:11:32.731" endtime="20230828 22:11:34.907"/>
</kw>
<doc>verify the first line</doc>
<tag>Functional</tag>
<status status="PASS" starttime="20230828 22:11:25.326" endtime="20230828 22:11:34.909"/>
</test>
<status status="PASS" starttime="20230828 22:11:25.056" endtime="20230828 22:11:34.916"/>
</suite>
<status status="PASS" starttime="20230828 22:11:25.027" endtime="20230828 22:11:34.931"/>
</suite>
<statistics>
<total>
<stat pass="1" fail="0" skip="0">All Tests</stat>
</total>
<tag>
<stat pass="1" fail="0" skip="0">Functional</stat>
</tag>
<suite>
<stat pass="1" fail="0" skip="0" id="s1" name="Guru99">Guru99</stat>
<stat pass="1" fail="0" skip="0" id="s1-s1" name="Testcase">Guru99.Testcase</stat>
</suite>
</statistics>
<errors>
<msg timestamp="20230828 22:11:25.750" level="WARN">The chromedriver version (115.0.5790.170) detected in PATH at C:\Users\DUNG\Documents\webdriver\chromedriver.exe might not be compatible with the detected chrome version (116.0.5845.111); currently, chromedriver 116.0.5845.96 is recommended for chrome 116.*, so it is advised to delete the driver in PATH and retry</msg>
</errors>
</robot>
